[2021-11-14 07:41:56,266] INFO [Controller id=0 epoch=2] Sending UpdateMetadata request to brokers HashSet(0) for 0 partitions (state.change.logger)
[2021-11-14 07:41:56,316] INFO [Controller id=0 epoch=2] Sending LeaderAndIsr request to broker 0 with 22 become-leader and 0 become-follower partitions (state.change.logger)
[2021-11-14 07:41:56,329] INFO [Controller id=0 epoch=2] Sending UpdateMetadata request to brokers HashSet(0) for 22 partitions (state.change.logger)
[2021-11-14 07:41:56,333] INFO [Broker id=0] Handling LeaderAndIsr request correlationId 1 from controller 0 for 22 partitions (state.change.logger)
[2021-11-14 07:41:56,352] INFO [Broker id=0] Ignoring LeaderAndIsr request from controller 0 with correlation id 1 epoch 2 for partition add_customer-0 since its associated leader epoch 0 matches the current leader epoch (state.change.logger)
[2021-11-14 07:41:56,367] INFO [Broker id=0] Ignoring LeaderAndIsr request from controller 0 with correlation id 1 epoch 2 for partition login_restaurant-0 since its associated leader epoch 0 matches the current leader epoch (state.change.logger)
[2021-11-14 07:41:56,367] INFO [Broker id=0] Ignoring LeaderAndIsr request from controller 0 with correlation id 1 epoch 2 for partition get_customer_id-0 since its associated leader epoch 0 matches the current leader epoch (state.change.logger)
[2021-11-14 07:41:56,368] INFO [Broker id=0] Ignoring LeaderAndIsr request from controller 0 with correlation id 1 epoch 2 for partition get_restaurant_all-0 since its associated leader epoch 0 matches the current leader epoch (state.change.logger)
[2021-11-14 07:41:56,368] INFO [Broker id=0] Ignoring LeaderAndIsr request from controller 0 with correlation id 1 epoch 2 for partition login_customer-0 since its associated leader epoch 0 matches the current leader epoch (state.change.logger)
[2021-11-14 07:41:56,368] INFO [Broker id=0] Ignoring LeaderAndIsr request from controller 0 with correlation id 1 epoch 2 for partition get_cust_order-0 since its associated leader epoch 0 matches the current leader epoch (state.change.logger)
[2021-11-14 07:41:56,368] INFO [Broker id=0] Ignoring LeaderAndIsr request from controller 0 with correlation id 1 epoch 2 for partition get_rest_order-0 since its associated leader epoch 0 matches the current leader epoch (state.change.logger)
[2021-11-14 07:41:56,368] INFO [Broker id=0] Ignoring LeaderAndIsr request from controller 0 with correlation id 1 epoch 2 for partition upload_dish_image-0 since its associated leader epoch 0 matches the current leader epoch (state.change.logger)
[2021-11-14 07:41:56,368] INFO [Broker id=0] Ignoring LeaderAndIsr request from controller 0 with correlation id 1 epoch 2 for partition get_restaurant_id-0 since its associated leader epoch 0 matches the current leader epoch (state.change.logger)
[2021-11-14 07:41:56,368] INFO [Broker id=0] Ignoring LeaderAndIsr request from controller 0 with correlation id 1 epoch 2 for partition add_favourite-0 since its associated leader epoch 0 matches the current leader epoch (state.change.logger)
[2021-11-14 07:41:56,368] INFO [Broker id=0] Ignoring LeaderAndIsr request from controller 0 with correlation id 1 epoch 2 for partition add_restaurant-0 since its associated leader epoch 0 matches the current leader epoch (state.change.logger)
[2021-11-14 07:41:56,368] INFO [Broker id=0] Ignoring LeaderAndIsr request from controller 0 with correlation id 1 epoch 2 for partition get_restaurant_if-0 since its associated leader epoch 0 matches the current leader epoch (state.change.logger)
[2021-11-14 07:41:56,368] INFO [Broker id=0] Ignoring LeaderAndIsr request from controller 0 with correlation id 1 epoch 2 for partition response_topic-0 since its associated leader epoch 0 matches the current leader epoch (state.change.logger)
[2021-11-14 07:41:56,368] INFO [Broker id=0] Ignoring LeaderAndIsr request from controller 0 with correlation id 1 epoch 2 for partition upload_rest_image-0 since its associated leader epoch 0 matches the current leader epoch (state.change.logger)
[2021-11-14 07:41:56,368] INFO [Broker id=0] Ignoring LeaderAndIsr request from controller 0 with correlation id 1 epoch 2 for partition update_restaurant-0 since its associated leader epoch 0 matches the current leader epoch (state.change.logger)
[2021-11-14 07:41:56,368] INFO [Broker id=0] Ignoring LeaderAndIsr request from controller 0 with correlation id 1 epoch 2 for partition get_favourite-0 since its associated leader epoch 0 matches the current leader epoch (state.change.logger)
[2021-11-14 07:41:56,368] INFO [Broker id=0] Ignoring LeaderAndIsr request from controller 0 with correlation id 1 epoch 2 for partition update_order_status-0 since its associated leader epoch 0 matches the current leader epoch (state.change.logger)
[2021-11-14 07:41:56,368] INFO [Broker id=0] Ignoring LeaderAndIsr request from controller 0 with correlation id 1 epoch 2 for partition add_dish-0 since its associated leader epoch 0 matches the current leader epoch (state.change.logger)
[2021-11-14 07:41:56,368] INFO [Broker id=0] Ignoring LeaderAndIsr request from controller 0 with correlation id 1 epoch 2 for partition place_order-0 since its associated leader epoch 0 matches the current leader epoch (state.change.logger)
[2021-11-14 07:41:56,368] INFO [Broker id=0] Ignoring LeaderAndIsr request from controller 0 with correlation id 1 epoch 2 for partition update_dish-0 since its associated leader epoch 0 matches the current leader epoch (state.change.logger)
[2021-11-14 07:41:56,368] INFO [Broker id=0] Ignoring LeaderAndIsr request from controller 0 with correlation id 1 epoch 2 for partition get_order_receipt-0 since its associated leader epoch 0 matches the current leader epoch (state.change.logger)
[2021-11-14 07:41:56,368] INFO [Broker id=0] Ignoring LeaderAndIsr request from controller 0 with correlation id 1 epoch 2 for partition update_customer-0 since its associated leader epoch 0 matches the current leader epoch (state.change.logger)
[2021-11-14 07:41:56,375] INFO [Broker id=0] Finished LeaderAndIsr request in 41ms correlationId 1 from controller 0 for 22 partitions (state.change.logger)
[2021-11-14 07:41:56,395] INFO [Broker id=0] Add 22 partitions and deleted 0 partitions from metadata cache in response to UpdateMetadata request sent by controller 0 epoch 2 with correlation id 2 (state.change.logger)
